── Attaching packages ─────────────────────────────────────── tidyverse 1.3.0 ──
✔ ggplot2 3.3.2     ✔ purrr   0.3.4
✔ tibble  3.0.3     ✔ dplyr   1.0.0
✔ tidyr   1.1.0     ✔ stringr 1.4.0
✔ readr   1.3.1     ✔ forcats 0.5.0
── Conflicts ────────────────────────────────────────── tidyverse_conflicts() ──
✖ dplyr::filter() masks stats::filter()
✖ dplyr::lag()    masks stats::lag()
Warning message:
replacing previous import ‘vctrs::data_frame’ by ‘tibble::data_frame’ when loading ‘dplyr’ 

Attaching package: ‘lubridate’

The following objects are masked from ‘package:base’:

    date, intersect, setdiff, union

Loading required package: DBI
Error in file(con, "r") : cannot open the connection
Calls: readLines -> file
In addition: Warning message:
In file(con, "r") :
  cannot open file '.pgcredentials/cocorahs': No such file or directory
Execution halted
── Attaching packages ─────────────────────────────────────── tidyverse 1.3.0 ──
✔ ggplot2 3.3.2     ✔ purrr   0.3.4
✔ tibble  3.0.3     ✔ dplyr   1.0.0
✔ tidyr   1.1.0     ✔ stringr 1.4.0
✔ readr   1.3.1     ✔ forcats 0.5.0
── Conflicts ────────────────────────────────────────── tidyverse_conflicts() ──
✖ dplyr::filter() masks stats::filter()
✖ dplyr::lag()    masks stats::lag()
Warning message:
replacing previous import ‘vctrs::data_frame’ by ‘tibble::data_frame’ when loading ‘dplyr’ 

Attaching package: ‘lubridate’

The following objects are masked from ‘package:base’:

    date, intersect, setdiff, union

Loading required package: DBI
--2020-09-13 15:40:24--  http://data.cocorahs.org/export/exportreports.aspx?ReportType=Daily&dtf=1&Format=CSV&State=MN&County=RM&ReportDateType=reportdate&Date=09/13/2020&TimesInGMT=True
Resolving data.cocorahs.org (data.cocorahs.org)... 40.80.155.102
Connecting to data.cocorahs.org (data.cocorahs.org)|40.80.155.102|:80... connected.
HTTP request sent, awaiting response... 200 OK
Length: 2533 (2.5K) [text/csv]
Saving to: ‘data.csv’

     0K ..                                                    100% 13.9M=0s

2020-09-13 15:40:24 (13.9 MB/s) - ‘data.csv’ saved [2533/2533]

Warning: 1 parsing failure.
row            col expected actual       file
 14 TotalPrecipAmt a double      T 'data.csv'

--2020-09-13 15:40:25--  http://data.cocorahs.org/cocorahs/export/exportstations.aspx?State=MN&Format=CSV&country=usa
Resolving data.cocorahs.org (data.cocorahs.org)... 40.80.155.102
Connecting to data.cocorahs.org (data.cocorahs.org)|40.80.155.102|:80... connected.
HTTP request sent, awaiting response... 200 OK
Length: 351359 (343K) [text/csv]
Saving to: ‘stations.csv’

     0K .......... .......... .......... .......... .......... 14%  428K 1s
    50K .......... .......... .......... .......... .......... 29%  865K 0s
   100K .......... .......... .......... .......... .......... 43% 53.6M 0s
   150K .......... .......... .......... .......... .......... 58%  870K 0s
   200K .......... .......... .......... .......... .......... 72% 13.1M 0s
   250K .......... .......... .......... .......... .......... 87%  928K 0s
   300K .......... .......... .......... .......... ...       100% 47.3M=0.3s

2020-09-13 15:40:25 (1.15 MB/s) - ‘stations.csv’ saved [351359/351359]

Parsed with column specification:
cols(
  StationNumber = col_character(),
  StationName = col_character(),
  StationType = col_character(),
  State = col_character(),
  County = col_character(),
  City = col_character(),
  Latitude = col_double(),
  Longitude = col_double(),
  Elevation = col_double(),
  StationStatus = col_character(),
  CreationDate = col_character(),
  DateTimeStamp = col_character()
)
[1] "No new data found."
